

***********************************************************************
Fatal NI connect error 12541, connecting to:
 (DESCRIPTION=(ADDRESS=(PROTOCOL=TCP)(HOST=ls04)(PORT=1521))(CONNECT_DATA=(SID=rootdb)(CID=(PROGRAM=E:\Develop\VC\SDT\bin\Debug\SDT.exe)(HOST=D-0021)(USER=ozawa))))

  VERSION INFORMATION:
	TNS for 32-bit Windows: Version 10.1.0.2.0 - Production
	Windows NT TCP/IP NT Protocol Adapter for 32-bit Windows: Version 10.1.0.2.0 - Production
  Time: 17-4月 -2008 11:20:27
  Tracing not turned on.
  Tns error struct:
    ns main err code: 12541
    TNS-12541: TNS: リスナーがありません。
    ns secondary err code: 12560
    nt main err code: 511
    TNS-00511: リスナーがありません。
    nt secondary err code: 61
    nt OS err code: 0


***********************************************************************
Fatal NI connect error 12170.

  VERSION INFORMATION:
	TNS for 32-bit Windows: Version 10.1.0.2.0 - Production
	Windows NT TCP/IP NT Protocol Adapter for 32-bit Windows: Version 10.1.0.2.0 - Production
  Time: 16-5月 -2008 13:36:19
  Tracing not turned on.
  Tns error struct:
    ns main err code: 12535
    TNS-12535: TNS: 操作はタイム・アウトしました。
    ns secondary err code: 12560
    nt main err code: 505
    TNS-00505: 操作タイムアウトです。
    nt secondary err code: 60
    nt OS err code: 0
  Client address: <unknown>
